<?xml version="1.0" encoding="UTF-8"?>
<!-- Generated by org.testng.reporters.JUnitXMLReporter -->
<testsuite ignored="0" hostname="DESKTOP-I9A5BVC" failures="1" tests="2" name="Test" time="35.033" errors="0" timestamp="2024-12-18T11:01:23 IST">
  <testcase classname="rahulshettyacademy.SeleniumFramework.AppUsingPOM" name="OrderPlacement" time="23.975"/>
  <testcase classname="rahulshettyacademy.SeleniumFramework.AppUsingPOM" name="OrderPlacement" time="0.808">
    <failure type="java.lang.AssertionError" message="Product with name &amp;apos;ADIDAS ORIGINAL1&amp;apos; is not present.">
      <![CDATA[java.lang.AssertionError: Product with name 'ADIDAS ORIGINAL1' is not present.
at rahulshettyacademy.AppLocators.ProductPageHandler.getProduct(ProductPageHandler.java:48)
at rahulshettyacademy.SeleniumFramework.AppUsingPOM.OrderPlacement(AppUsingPOM.java:32)
at java.base/java.util.ArrayList.forEach(ArrayList.java:1596)
... Removed 25 stack frames]]>
    </failure>
  </testcase> <!-- OrderPlacement -->
</testsuite> <!-- Test -->
